Using pre-set license
Built from '2022.3/staging' branch; Version is '2022.3.7f1 (b16b3b16c7a0) revision 11627323'; Using compiler version '192829333'; Build Type 'Release'
OS: 'Windows 10  (10.0.19045) 64bit Professional' Language: 'en' Physical Memory: 16310 MB
BatchMode: 1, IsHumanControllingUs: 0, StartBugReporterOnCrash: 0, Is64bit: 1, IsPro: 1

COMMAND LINE ARGUMENTS:
D:\Unity\2022.3.7f1\Editor\Unity.exe
-adb2
-batchMode
-noUpm
-name
AssetImportWorker3
-projectPath
G:/2n/Unity/My project
-logFile
Logs/AssetImportWorker3.log
-srvPort
50403
Successfully changed project path to: G:/2n/Unity/My project
G:/2n/Unity/My project
[UnityMemory] Configuration Parameters - Can be set up in boot.config
    "memorysetup-bucket-allocator-granularity=16"
    "memorysetup-bucket-allocator-bucket-count=8"
    "memorysetup-bucket-allocator-block-size=33554432"
    "memorysetup-bucket-allocator-block-count=8"
    "memorysetup-main-allocator-block-size=16777216"
    "memorysetup-thread-allocator-block-size=16777216"
    "memorysetup-gfx-main-allocator-block-size=16777216"
    "memorysetup-gfx-thread-allocator-block-size=16777216"
    "memorysetup-cache-allocator-block-size=4194304"
    "memorysetup-typetree-allocator-block-size=2097152"
    "memorysetup-profiler-bucket-allocator-granularity=16"
    "memorysetup-profiler-bucket-allocator-bucket-count=8"
    "memorysetup-profiler-bucket-allocator-block-size=33554432"
    "memorysetup-profiler-bucket-allocator-block-count=8"
    "memorysetup-profiler-allocator-block-size=16777216"
    "memorysetup-profiler-editor-allocator-block-size=1048576"
    "memorysetup-temp-allocator-size-main=16777216"
    "memorysetup-job-temp-allocator-block-size=2097152"
    "memorysetup-job-temp-allocator-block-size-background=1048576"
    "memorysetup-job-temp-allocator-reduction-small-platforms=262144"
    "memorysetup-allocator-temp-initial-block-size-main=262144"
    "memorysetup-allocator-temp-initial-block-size-worker=262144"
    "memorysetup-temp-allocator-size-background-worker=32768"
    "memorysetup-temp-allocator-size-job-worker=262144"
    "memorysetup-temp-allocator-size-preload-manager=33554432"
    "memorysetup-temp-allocator-size-nav-mesh-worker=65536"
    "memorysetup-temp-allocator-size-audio-worker=65536"
    "memorysetup-temp-allocator-size-cloud-worker=32768"
    "memorysetup-temp-allocator-size-gi-baking-worker=262144"
    "memorysetup-temp-allocator-size-gfx=262144"
Player connection [20492] Host "[IP] 10.0.17.116 [Port] 0 [Flags] 2 [Guid] 1049978328 [EditorId] 1049978328 [Version] 1048832 [Id] WindowsEditor(7,DESKTOP-FTTQHV2) [Debug] 1 [PackageName] WindowsEditor [ProjectName] Editor" joined multi-casting on [225.0.0.222:54997]...

Player connection [20492] Host "[IP] 10.0.17.116 [Port] 0 [Flags] 2 [Guid] 1049978328 [EditorId] 1049978328 [Version] 1048832 [Id] WindowsEditor(7,DESKTOP-FTTQHV2) [Debug] 1 [PackageName] WindowsEditor [ProjectName] Editor" joined alternative multi-casting on [225.0.0.222:34997]...

Refreshing native plugins compatible for Editor in 6.82 ms, found 3 plugins.
Preloading 0 native plugins for Editor in 0.00 ms.
Initialize engine version: 2022.3.7f1 (b16b3b16c7a0)
[Subsystems] Discovering subsystems at path D:/Unity/2022.3.7f1/Editor/Data/Resources/UnitySubsystems
[Subsystems] Discovering subsystems at path G:/2n/Unity/My project/Assets
GfxDevice: creating device client; threaded=0; jobified=0
Direct3D:
    Version:  Direct3D 11.0 [level 11.1]
    Renderer: NVIDIA GeForce GTX 1660 SUPER (ID=0x21c4)
    Vendor:   NVIDIA
    VRAM:     5980 MB
    Driver:   31.0.15.3742
Initialize mono
Mono path[0] = 'D:/Unity/2022.3.7f1/Editor/Data/Managed'
Mono path[1] = 'D:/Unity/2022.3.7f1/Editor/Data/MonoBleedingEdge/lib/mono/unityjit-win32'
Mono config path = 'D:/Unity/2022.3.7f1/Editor/Data/MonoBleedingEdge/etc'
Using monoOptions --debugger-agent=transport=dt_socket,embedding=1,server=y,suspend=n,address=127.0.0.1:56624
Begin MonoManager ReloadAssembly
Registering precompiled unity dll's ...
Register platform support module: D:/Unity/2022.3.7f1/Editor/Data/PlaybackEngines/WebGLSupport/UnityEditor.WebGL.Extensions.dll
Register platform support module: D:/Unity/2022.3.7f1/Editor/Data/PlaybackEngines/WindowsStandaloneSupport/UnityEditor.WindowsStandalone.Extensions.dll
Registered in 0.005010 seconds.
- Loaded All Assemblies, in  0.338 seconds
Native extension for WindowsStandalone target not found
Native extension for WebGL target not found
Mono: successfully reloaded assembly
- Finished resetting the current domain, in  0.226 seconds
Domain Reload Profiling: 563ms
	BeginReloadAssembly (112ms)
		ExecutionOrderSort (0ms)
		DisableScriptedObjects (0ms)
		BackupInstance (0ms)
		ReleaseScriptingObjects (0ms)
		CreateAndSetChildDomain (1ms)
	RebuildCommonClasses (33ms)
	RebuildNativeTypeToScriptingClass (11ms)
	initialDomainReloadingComplete (47ms)
	LoadAllAssembliesAndSetupDomain (134ms)
		LoadAssemblies (113ms)
		RebuildTransferFunctionScriptingTraits (0ms)
		AnalyzeDomain (131ms)
			TypeCache.Refresh (129ms)
				TypeCache.ScanAssembly (116ms)
			ScanForSourceGeneratedMonoScriptInfo (0ms)
			ResolveRequiredComponents (0ms)
	FinalizeReload (226ms)
		ReleaseScriptCaches (0ms)
		RebuildScriptCaches (0ms)
		SetupLoadedEditorAssemblies (174ms)
			LogAssemblyErrors (0ms)
			InitializePlatformSupportModulesInManaged (8ms)
			SetLoadedEditorAssemblies (5ms)
			RefreshPlugins (0ms)
			BeforeProcessingInitializeOnLoad (2ms)
			ProcessInitializeOnLoadAttributes (116ms)
			ProcessInitializeOnLoadMethodAttributes (42ms)
			AfterProcessingInitializeOnLoad (0ms)
			EditorAssembliesLoaded (0ms)
		ExecutionOrderSort2 (0ms)
		AwakeInstancesAfterBackupRestoration (0ms)
========================================================================
Worker process is ready to serve import requests
Begin MonoManager ReloadAssembly
Symbol file LoadedFromMemory doesn't match image G:\2n\Unity\My project\Library\PackageCache\com.unity.visualscripting@1.8.0\Editor\VisualScripting.Core\Dependencies\YamlDotNet\Unity.VisualScripting.YamlDotNet.dll
Symbol file LoadedFromMemory doesn't match image G:\2n\Unity\My project\Library\PackageCache\com.unity.visualscripting@1.8.0\Editor\VisualScripting.Core\Dependencies\DotNetZip\Unity.VisualScripting.IonicZip.dll
- Loaded All Assemblies, in  0.577 seconds
Refreshing native plugins compatible for Editor in 2.10 ms, found 3 plugins.
Native extension for WindowsStandalone target not found
Native extension for WebGL target not found
Package Manager log level set to [2]
[Package Manager] Server::EnsureServerProcessIsRunning -- launch failed, reason: Unity was launched with the -noUpm command-line argument
[Package Manager] UpmClient::Send -- Unable to send message (not connected to UPM process).
[Package Manager] Cannot connect to Unity Package Manager local server
Mono: successfully reloaded assembly
- Finished resetting the current domain, in  0.487 seconds
Domain Reload Profiling: 1064ms
	BeginReloadAssembly (152ms)
		ExecutionOrderSort (0ms)
		DisableScriptedObjects (5ms)
		BackupInstance (0ms)
		ReleaseScriptingObjects (0ms)
		CreateAndSetChildDomain (21ms)
	RebuildCommonClasses (32ms)
	RebuildNativeTypeToScriptingClass (11ms)
	initialDomainReloadingComplete (32ms)
	LoadAllAssembliesAndSetupDomain (349ms)
		LoadAssemblies (276ms)
		RebuildTransferFunctionScriptingTraits (0ms)
		AnalyzeDomain (167ms)
			TypeCache.Refresh (150ms)
				TypeCache.ScanAssembly (136ms)
			ScanForSourceGeneratedMonoScriptInfo (12ms)
			ResolveRequiredComponents (3ms)
	FinalizeReload (487ms)
		ReleaseScriptCaches (0ms)
		RebuildScriptCaches (0ms)
		SetupLoadedEditorAssemblies (363ms)
			LogAssemblyErrors (0ms)
			InitializePlatformSupportModulesInManaged (5ms)
			SetLoadedEditorAssemblies (4ms)
			RefreshPlugins (0ms)
			BeforeProcessingInitializeOnLoad (51ms)
			ProcessInitializeOnLoadAttributes (284ms)
			ProcessInitializeOnLoadMethodAttributes (17ms)
			AfterProcessingInitializeOnLoad (3ms)
			EditorAssembliesLoaded (0ms)
		ExecutionOrderSort2 (0ms)
		AwakeInstancesAfterBackupRestoration (6ms)
Launched and connected shader compiler UnityShaderCompiler.exe after 0.03 seconds
Refreshing native plugins compatible for Editor in 2.01 ms, found 3 plugins.
Preloading 0 native plugins for Editor in 0.00 ms.
Unloading 3032 Unused Serialized files (Serialized files now loaded: 0)
Unloading 33 unused Assets / (29.1 KB). Loaded Objects now: 3499.
Memory consumption went from 117.9 MB to 117.9 MB.
Total: 3.017000 ms (FindLiveObjects: 0.254100 ms CreateObjectMapping: 0.086500 ms MarkObjects: 2.606400 ms  DeleteObjects: 0.069300 ms)

AssetImportParameters requested are different than current active one (requested -> active):
  custom:container-demuxer-ogg: 62fdf1f143b41e24485cea50d1cbac27 -> 
  custom:video-decoder-ogg-theora: a1e56fd34408186e4bbccfd4996cb3dc -> 
  custom:framework-win-MediaFoundation: 216162199b28c13a410421893ffa2e32 -> 
  custom:CustomObjectIndexerAttribute: 756ad292c208cfabdd7b50bc23989ffe -> 
  custom:container-demuxer-webm: 4f35f7cbe854078d1ac9338744f61a02 -> 
  custom:container-muxer-webm: aa71ff27fc2769a1b78a27578f13a17b -> 
  custom:video-decoder-webm-vp8: 9c59270c3fd7afecdb556c50c9e8de78 -> 
  custom:SearchIndexIgnoredProperties: e643bd26f0fe6173181afceb89e7c659 -> 
  custom:AudioImporter_EditorPlatform: d09bf68614088b80899f8185d706f6e7 -> 
  custom:video-encoder-webm-vp8: eb34c28f22e8b96e1ab97ce403110664 -> 
  custom:audio-decoder-ogg-vorbis: bf7c407c2cedff20999df2af8eb42d56 -> 
  custom:audio-encoder-webm-vorbis: bf7c407c2cedff20999df2af8eb42d56 -> 
========================================================================
Received Import Request.
  Time since last request: 3030.298635 seconds.
  path: Assets/textures/Power-Station-Free-Tileset-Pixel-Art/3 Objects/2 Decoration/Materials/24.mat
  artifactKey: Guid(a9e49943175f54b4b916eca915290e78) Importer(815301076,1909f56bfc062723c751e8b465ee728b)
Start importing Assets/textures/Power-Station-Free-Tileset-Pixel-Art/3 Objects/2 Decoration/Materials/24.mat using Guid(a9e49943175f54b4b916eca915290e78) Importer(815301076,1909f56bfc062723c751e8b465ee728b)  -> (artifact id: '54567d61df05b1207408e238a5641b2a') in 0.167030 seconds
Number of updated asset objects reloaded before import = 0
Number of asset objects unloaded after import = 2
========================================================================
Received Import Request.
  Time since last request: 0.000021 seconds.
  path: Assets/textures/Power-Station-Free-Tileset-Pixel-Art/3 Objects/2 Decoration/Materials/29.mat
  artifactKey: Guid(978ac316a4de94541b23bf09ba85dbf4) Importer(815301076,1909f56bfc062723c751e8b465ee728b)
Start importing Assets/textures/Power-Station-Free-Tileset-Pixel-Art/3 Objects/2 Decoration/Materials/29.mat using Guid(978ac316a4de94541b23bf09ba85dbf4) Importer(815301076,1909f56bfc062723c751e8b465ee728b)  -> (artifact id: '993ed8573c0a97bd3e8bcc026743a5f1') in 0.043976 seconds
Number of updated asset objects reloaded before import = 0
Number of asset objects unloaded after import = 2
========================================================================
Received Import Request.
  Time since last request: 0.000025 seconds.
  path: Assets/Models/RawModels/stalin/source/avatar (15)/avatar/Materials/AvatarBodyMale_Color_2K.mat
  artifactKey: Guid(3a456a62307da204e9f39f9afda2dcc1) Importer(815301076,1909f56bfc062723c751e8b465ee728b)
Start importing Assets/Models/RawModels/stalin/source/avatar (15)/avatar/Materials/AvatarBodyMale_Color_2K.mat using Guid(3a456a62307da204e9f39f9afda2dcc1) Importer(815301076,1909f56bfc062723c751e8b465ee728b)  -> (artifact id: 'a861e1d38828c165acaf71e186045b15') in 0.388705 seconds
Number of updated asset objects reloaded before import = 0
Number of asset objects unloaded after import = 3
========================================================================
Received Import Request.
  Time since last request: 0.016139 seconds.
  path: Assets/Models/RawModels/stalin/source/avatar (15)/avatar/Materials/AvatarRightCornea_Color_512.mat
  artifactKey: Guid(83711cc5f3794674eb3b9c994e2a1ca2) Importer(815301076,1909f56bfc062723c751e8b465ee728b)
Start importing Assets/Models/RawModels/stalin/source/avatar (15)/avatar/Materials/AvatarRightCornea_Color_512.mat using Guid(83711cc5f3794674eb3b9c994e2a1ca2) Importer(815301076,1909f56bfc062723c751e8b465ee728b)  -> (artifact id: '2076100be5a24f3a05f11eb60c95a324') in 0.187371 seconds
Number of updated asset objects reloaded before import = 0
Number of asset objects unloaded after import = 2
========================================================================
Received Import Request.
  Time since last request: 0.000019 seconds.
  path: Assets/Models/RawModels/stalin/source/avatar (15)/avatar/Materials/AvatarTeeth_Color_1K.mat
  artifactKey: Guid(90a2ed20c0ca8db4b9a49c1c7206578f) Importer(815301076,1909f56bfc062723c751e8b465ee728b)
Start importing Assets/Models/RawModels/stalin/source/avatar (15)/avatar/Materials/AvatarTeeth_Color_1K.mat using Guid(90a2ed20c0ca8db4b9a49c1c7206578f) Importer(815301076,1909f56bfc062723c751e8b465ee728b)  -> (artifact id: 'f4f94b5d26050f7747d369e985d306cf') in 0.276005 seconds
Number of updated asset objects reloaded before import = 0
Number of asset objects unloaded after import = 3
========================================================================
Received Import Request.
  Time since last request: 0.000024 seconds.
  path: Assets/Models/RawModels/hamburger-photorealistic/source/92a719cc36e4_hamburger_photoreal/92a719cc36e4_hamburger_photoreal.fbx
  artifactKey: Guid(92c7dfbd33c10d744b900a8a30f76763) Importer(815301076,1909f56bfc062723c751e8b465ee728b)
Start importing Assets/Models/RawModels/hamburger-photorealistic/source/92a719cc36e4_hamburger_photoreal/92a719cc36e4_hamburger_photoreal.fbx using Guid(92c7dfbd33c10d744b900a8a30f76763) Importer(815301076,1909f56bfc062723c751e8b465ee728b)  -> (artifact id: '4ede77d56d01a6104486b644816a6270') in 0.445570 seconds
Number of updated asset objects reloaded before import = 0
Number of asset objects unloaded after import = 10
========================================================================
Received Import Request.
  Time since last request: 0.000025 seconds.
  path: Assets/textures_lab2alpha/Materials/Fondo.mat
  artifactKey: Guid(ad20bfb30c4e28047a8e1a5b44f68f4f) Importer(815301076,1909f56bfc062723c751e8b465ee728b)
Start importing Assets/textures_lab2alpha/Materials/Fondo.mat using Guid(ad20bfb30c4e28047a8e1a5b44f68f4f) Importer(815301076,1909f56bfc062723c751e8b465ee728b)  -> (artifact id: '14936b51872759ea8d971018546bff37') in 0.077750 seconds
Number of updated asset objects reloaded before import = 0
Number of asset objects unloaded after import = 2
========================================================================
Received Import Request.
  Time since last request: 0.000034 seconds.
  path: Assets/Models/RawModels/statue-of-liberty/Materials/Liberty_MAT_AO.mat
  artifactKey: Guid(eb1558e1ce448b1448996656a9aaf2bc) Importer(815301076,1909f56bfc062723c751e8b465ee728b)
Start importing Assets/Models/RawModels/statue-of-liberty/Materials/Liberty_MAT_AO.mat using Guid(eb1558e1ce448b1448996656a9aaf2bc) Importer(815301076,1909f56bfc062723c751e8b465ee728b)  -> (artifact id: '72472e39ea0256db16265169df52c636') in 0.179121 seconds
Number of updated asset objects reloaded before import = 0
Number of asset objects unloaded after import = 2
========================================================================
Received Import Request.
  Time since last request: 0.000018 seconds.
  path: Assets/Models/RawModels/statue-of-liberty/Materials/Liberty_MAT_roughness.mat
  artifactKey: Guid(9380652e99aedf049a165ac0fbb74745) Importer(815301076,1909f56bfc062723c751e8b465ee728b)
Start importing Assets/Models/RawModels/statue-of-liberty/Materials/Liberty_MAT_roughness.mat using Guid(9380652e99aedf049a165ac0fbb74745) Importer(815301076,1909f56bfc062723c751e8b465ee728b)  -> (artifact id: '052224503cabbe6b077ace1f35ba8441') in 0.143653 seconds
Number of updated asset objects reloaded before import = 0
Number of asset objects unloaded after import = 2
========================================================================
Received Import Request.
  Time since last request: 0.000022 seconds.
  path: Assets/Models/RawModels/prison-wall-table/source/model/model/Materials/DefaultMaterial.mat
  artifactKey: Guid(2d82381d6cc213f4faca3cd58978ee8b) Importer(815301076,1909f56bfc062723c751e8b465ee728b)
Start importing Assets/Models/RawModels/prison-wall-table/source/model/model/Materials/DefaultMaterial.mat using Guid(2d82381d6cc213f4faca3cd58978ee8b) Importer(815301076,1909f56bfc062723c751e8b465ee728b)  -> (artifact id: '0c4630682e2a974d8ceae811a7a3dd30') in 0.049692 seconds
Number of updated asset objects reloaded before import = 0
Number of asset objects unloaded after import = 5
========================================================================
Received Import Request.
  Time since last request: 0.000030 seconds.
  path: Assets/Models/RawModels/statue-of-liberty/Materials/Liberty_MAT_albedo.mat
  artifactKey: Guid(f7673e8c81e6f684fb6c8942c05f5cf3) Importer(815301076,1909f56bfc062723c751e8b465ee728b)
Start importing Assets/Models/RawModels/statue-of-liberty/Materials/Liberty_MAT_albedo.mat using Guid(f7673e8c81e6f684fb6c8942c05f5cf3) Importer(815301076,1909f56bfc062723c751e8b465ee728b)  -> (artifact id: '67f0eb7888270a9f0da06f035bedc957') in 0.135294 seconds
Number of updated asset objects reloaded before import = 0
Number of asset objects unloaded after import = 2
========================================================================
Received Import Request.
  Time since last request: 0.000020 seconds.
  path: Assets/soldier76/Materials/pavement.mat
  artifactKey: Guid(9a4356f15abc9194d9f92008dc611467) Importer(815301076,1909f56bfc062723c751e8b465ee728b)
Start importing Assets/soldier76/Materials/pavement.mat using Guid(9a4356f15abc9194d9f92008dc611467) Importer(815301076,1909f56bfc062723c751e8b465ee728b)  -> (artifact id: '8ac80451a5f494031ae5f847b46cc4d9') in 0.060531 seconds
Number of updated asset objects reloaded before import = 0
Number of asset objects unloaded after import = 2
========================================================================
Received Import Request.
  Time since last request: 7.407337 seconds.
  path: Assets/soldier76/Materials/Soldier_Hair_D.tga.mat
  artifactKey: Guid(770d1a6d06488c648b2d16d5d3fce118) Importer(815301076,1909f56bfc062723c751e8b465ee728b)
Start importing Assets/soldier76/Materials/Soldier_Hair_D.tga.mat using Guid(770d1a6d06488c648b2d16d5d3fce118) Importer(815301076,1909f56bfc062723c751e8b465ee728b)  -> (artifact id: '6ae93449132e24be15e19fd87d43c6e0') in 0.089470 seconds
Number of updated asset objects reloaded before import = 0
Number of asset objects unloaded after import = 2
========================================================================
Received Import Request.
  Time since last request: 0.217169 seconds.
  path: Assets/textures_lab2alpha/Materials/tile065.mat
  artifactKey: Guid(a30b2551db1535342b04f848b44b5dfb) Importer(815301076,1909f56bfc062723c751e8b465ee728b)
Start importing Assets/textures_lab2alpha/Materials/tile065.mat using Guid(a30b2551db1535342b04f848b44b5dfb) Importer(815301076,1909f56bfc062723c751e8b465ee728b)  -> (artifact id: 'fbfa6ad80a9f725d0963e60a5938e554') in 0.156492 seconds
Number of updated asset objects reloaded before import = 0
Number of asset objects unloaded after import = 2
========================================================================
Received Import Request.
  Time since last request: 0.000023 seconds.
  path: Assets/textures/Power-Station-Free-Tileset-Pixel-Art/1 Tiles/Materials/Tile_03.mat
  artifactKey: Guid(26cc8a721555ce64eb378dfd12225b71) Importer(815301076,1909f56bfc062723c751e8b465ee728b)
Start importing Assets/textures/Power-Station-Free-Tileset-Pixel-Art/1 Tiles/Materials/Tile_03.mat using Guid(26cc8a721555ce64eb378dfd12225b71) Importer(815301076,1909f56bfc062723c751e8b465ee728b)  -> (artifact id: 'ff284742212b3277030e747b282d015f') in 0.140685 seconds
Number of updated asset objects reloaded before import = 0
Number of asset objects unloaded after import = 2
========================================================================
Received Import Request.
  Time since last request: 0.000035 seconds.
  path: Assets/textures/Power-Station-Free-Tileset-Pixel-Art/1 Tiles/Materials/Tile_10.mat
  artifactKey: Guid(5a6cb323acd484b488233428285db401) Importer(815301076,1909f56bfc062723c751e8b465ee728b)
Start importing Assets/textures/Power-Station-Free-Tileset-Pixel-Art/1 Tiles/Materials/Tile_10.mat using Guid(5a6cb323acd484b488233428285db401) Importer(815301076,1909f56bfc062723c751e8b465ee728b)  -> (artifact id: '6dc9af3a1074bd12f073dcee4ba9dd2e') in 0.076067 seconds
Number of updated asset objects reloaded before import = 0
Number of asset objects unloaded after import = 2
========================================================================
Received Import Request.
  Time since last request: 0.000031 seconds.
  path: Assets/textures/Power-Station-Free-Tileset-Pixel-Art/1 Tiles/Materials/Tile_17.mat
  artifactKey: Guid(95b2b16b36571f044a89882704332d92) Importer(815301076,1909f56bfc062723c751e8b465ee728b)
Start importing Assets/textures/Power-Station-Free-Tileset-Pixel-Art/1 Tiles/Materials/Tile_17.mat using Guid(95b2b16b36571f044a89882704332d92) Importer(815301076,1909f56bfc062723c751e8b465ee728b)  -> (artifact id: 'd14105737fe06524ffc837990257c837') in 0.183385 seconds
Number of updated asset objects reloaded before import = 0
Number of asset objects unloaded after import = 2
========================================================================
Received Import Request.
  Time since last request: 0.000016 seconds.
  path: Assets/textures/Power-Station-Free-Tileset-Pixel-Art/1 Tiles/Materials/Tile_38.mat
  artifactKey: Guid(ac4de9bf5bb946d4cb7a57f7ca7cdb9f) Importer(815301076,1909f56bfc062723c751e8b465ee728b)
Start importing Assets/textures/Power-Station-Free-Tileset-Pixel-Art/1 Tiles/Materials/Tile_38.mat using Guid(ac4de9bf5bb946d4cb7a57f7ca7cdb9f) Importer(815301076,1909f56bfc062723c751e8b465ee728b)  -> (artifact id: '54dd7c57e7e8b31225dbadcbe635c99b') in 0.086375 seconds
Number of updated asset objects reloaded before import = 0
Number of asset objects unloaded after import = 2
========================================================================
Received Prepare
Begin MonoManager ReloadAssembly
Symbol file LoadedFromMemory doesn't match image G:\2n\Unity\My project\Library\PackageCache\com.unity.visualscripting@1.8.0\Editor\VisualScripting.Core\Dependencies\YamlDotNet\Unity.VisualScripting.YamlDotNet.dll
Symbol file LoadedFromMemory doesn't match image G:\2n\Unity\My project\Library\PackageCache\com.unity.visualscripting@1.8.0\Editor\VisualScripting.Core\Dependencies\DotNetZip\Unity.VisualScripting.IonicZip.dll
- Loaded All Assemblies, in  0.412 seconds
Refreshing native plugins compatible for Editor in 2.94 ms, found 3 plugins.
Native extension for WindowsStandalone target not found
Native extension for WebGL target not found
[Package Manager] Server::EnsureServerProcessIsRunning -- launch failed, reason: Unity was launched with the -noUpm command-line argument
[Package Manager] UpmClient::Send -- Unable to send message (not connected to UPM process).
[Package Manager] Cannot connect to Unity Package Manager local server
Mono: successfully reloaded assembly
- Finished resetting the current domain, in  0.722 seconds
Domain Reload Profiling: 1134ms
	BeginReloadAssembly (167ms)
		ExecutionOrderSort (0ms)
		DisableScriptedObjects (4ms)
		BackupInstance (0ms)
		ReleaseScriptingObjects (0ms)
		CreateAndSetChildDomain (36ms)
	RebuildCommonClasses (31ms)
	RebuildNativeTypeToScriptingClass (11ms)
	initialDomainReloadingComplete (21ms)
	LoadAllAssembliesAndSetupDomain (182ms)
		LoadAssemblies (269ms)
		RebuildTransferFunctionScriptingTraits (0ms)
		AnalyzeDomain (11ms)
			TypeCache.Refresh (5ms)
				TypeCache.ScanAssembly (0ms)
			ScanForSourceGeneratedMonoScriptInfo (0ms)
			ResolveRequiredComponents (4ms)
	FinalizeReload (723ms)
		ReleaseScriptCaches (0ms)
		RebuildScriptCaches (0ms)
		SetupLoadedEditorAssemblies (328ms)
			LogAssemblyErrors (0ms)
			InitializePlatformSupportModulesInManaged (6ms)
			SetLoadedEditorAssemblies (4ms)
			RefreshPlugins (0ms)
			BeforeProcessingInitializeOnLoad (56ms)
			ProcessInitializeOnLoadAttributes (243ms)
			ProcessInitializeOnLoadMethodAttributes (16ms)
			AfterProcessingInitializeOnLoad (3ms)
			EditorAssembliesLoaded (0ms)
		ExecutionOrderSort2 (0ms)
		AwakeInstancesAfterBackupRestoration (7ms)
Refreshing native plugins compatible for Editor in 3.10 ms, found 3 plugins.
Preloading 0 native plugins for Editor in 0.00 ms.
Unloading 3010 Unused Serialized files (Serialized files now loaded: 0)
Unloading 25 unused Assets / (30.5 KB). Loaded Objects now: 3546.
Memory consumption went from 118.1 MB to 118.1 MB.
Total: 3.208900 ms (FindLiveObjects: 0.348700 ms CreateObjectMapping: 0.089300 ms MarkObjects: 2.700900 ms  DeleteObjects: 0.068400 ms)

Prepare: number of updated asset objects reloaded= 0
AssetImportParameters requested are different than current active one (requested -> active):
  custom:container-demuxer-ogg: 62fdf1f143b41e24485cea50d1cbac27 -> 
  custom:video-decoder-ogg-theora: a1e56fd34408186e4bbccfd4996cb3dc -> 
  custom:framework-win-MediaFoundation: 216162199b28c13a410421893ffa2e32 -> 
  custom:CustomObjectIndexerAttribute: 756ad292c208cfabdd7b50bc23989ffe -> 
  custom:container-demuxer-webm: 4f35f7cbe854078d1ac9338744f61a02 -> 
  custom:container-muxer-webm: aa71ff27fc2769a1b78a27578f13a17b -> 
  custom:video-decoder-webm-vp8: 9c59270c3fd7afecdb556c50c9e8de78 -> 
  custom:SearchIndexIgnoredProperties: e643bd26f0fe6173181afceb89e7c659 -> 
  custom:AudioImporter_EditorPlatform: d09bf68614088b80899f8185d706f6e7 -> 
  custom:video-encoder-webm-vp8: eb34c28f22e8b96e1ab97ce403110664 -> 
  custom:audio-decoder-ogg-vorbis: bf7c407c2cedff20999df2af8eb42d56 -> 
  custom:audio-encoder-webm-vorbis: bf7c407c2cedff20999df2af8eb42d56 -> 
========================================================================
Received Prepare
Begin MonoManager ReloadAssembly
Symbol file LoadedFromMemory doesn't match image G:\2n\Unity\My project\Library\PackageCache\com.unity.visualscripting@1.8.0\Editor\VisualScripting.Core\Dependencies\YamlDotNet\Unity.VisualScripting.YamlDotNet.dll
Symbol file LoadedFromMemory doesn't match image G:\2n\Unity\My project\Library\PackageCache\com.unity.visualscripting@1.8.0\Editor\VisualScripting.Core\Dependencies\DotNetZip\Unity.VisualScripting.IonicZip.dll
- Loaded All Assemblies, in  0.444 seconds
Refreshing native plugins compatible for Editor in 3.06 ms, found 3 plugins.
Native extension for WindowsStandalone target not found
Native extension for WebGL target not found
[Package Manager] Server::EnsureServerProcessIsRunning -- launch failed, reason: Unity was launched with the -noUpm command-line argument
[Package Manager] UpmClient::Send -- Unable to send message (not connected to UPM process).
[Package Manager] Cannot connect to Unity Package Manager local server
Mono: successfully reloaded assembly
- Finished resetting the current domain, in  0.749 seconds
Domain Reload Profiling: 1192ms
	BeginReloadAssembly (184ms)
		ExecutionOrderSort (0ms)
		DisableScriptedObjects (5ms)
		BackupInstance (0ms)
		ReleaseScriptingObjects (0ms)
		CreateAndSetChildDomain (39ms)
	RebuildCommonClasses (32ms)
	RebuildNativeTypeToScriptingClass (11ms)
	initialDomainReloadingComplete (23ms)
	LoadAllAssembliesAndSetupDomain (193ms)
		LoadAssemblies (282ms)
		RebuildTransferFunctionScriptingTraits (0ms)
		AnalyzeDomain (19ms)
			TypeCache.Refresh (9ms)
				TypeCache.ScanAssembly (0ms)
			ScanForSourceGeneratedMonoScriptInfo (5ms)
			ResolveRequiredComponents (4ms)
	FinalizeReload (749ms)
		ReleaseScriptCaches (0ms)
		RebuildScriptCaches (0ms)
		SetupLoadedEditorAssemblies (330ms)
			LogAssemblyErrors (0ms)
			InitializePlatformSupportModulesInManaged (5ms)
			SetLoadedEditorAssemblies (4ms)
			RefreshPlugins (0ms)
			BeforeProcessingInitializeOnLoad (55ms)
			ProcessInitializeOnLoadAttributes (246ms)
			ProcessInitializeOnLoadMethodAttributes (15ms)
			AfterProcessingInitializeOnLoad (3ms)
			EditorAssembliesLoaded (0ms)
		ExecutionOrderSort2 (0ms)
		AwakeInstancesAfterBackupRestoration (8ms)
Refreshing native plugins compatible for Editor in 2.69 ms, found 3 plugins.
Preloading 0 native plugins for Editor in 0.00 ms.
Unloading 3012 Unused Serialized files (Serialized files now loaded: 0)
Unloading 25 unused Assets / (30.5 KB). Loaded Objects now: 3550.
Memory consumption went from 118.4 MB to 118.4 MB.
Total: 2.720200 ms (FindLiveObjects: 0.270500 ms CreateObjectMapping: 0.085700 ms MarkObjects: 2.315600 ms  DeleteObjects: 0.047600 ms)

Prepare: number of updated asset objects reloaded= 0
AssetImportParameters requested are different than current active one (requested -> active):
  custom:container-demuxer-ogg: 62fdf1f143b41e24485cea50d1cbac27 -> 
  custom:video-decoder-ogg-theora: a1e56fd34408186e4bbccfd4996cb3dc -> 
  custom:framework-win-MediaFoundation: 216162199b28c13a410421893ffa2e32 -> 
  custom:CustomObjectIndexerAttribute: 756ad292c208cfabdd7b50bc23989ffe -> 
  custom:container-demuxer-webm: 4f35f7cbe854078d1ac9338744f61a02 -> 
  custom:container-muxer-webm: aa71ff27fc2769a1b78a27578f13a17b -> 
  custom:video-decoder-webm-vp8: 9c59270c3fd7afecdb556c50c9e8de78 -> 
  custom:SearchIndexIgnoredProperties: e643bd26f0fe6173181afceb89e7c659 -> 
  custom:AudioImporter_EditorPlatform: d09bf68614088b80899f8185d706f6e7 -> 
  custom:video-encoder-webm-vp8: eb34c28f22e8b96e1ab97ce403110664 -> 
  custom:audio-decoder-ogg-vorbis: bf7c407c2cedff20999df2af8eb42d56 -> 
  custom:audio-encoder-webm-vorbis: bf7c407c2cedff20999df2af8eb42d56 -> 
========================================================================
Received Import Request.
  Time since last request: 1079.476502 seconds.
  path: Assets/Final Assets/airShaftDispenser.prefab
  artifactKey: Guid(2411249f691ea23448a77df8df307d3c) Importer(815301076,1909f56bfc062723c751e8b465ee728b)
Start importing Assets/Final Assets/airShaftDispenser.prefab using Guid(2411249f691ea23448a77df8df307d3c) Importer(815301076,1909f56bfc062723c751e8b465ee728b)  -> (artifact id: '91db59cbbc4e04dc580f24b295b8460e') in 0.032812 seconds
Number of updated asset objects reloaded before import = 0
Number of asset objects unloaded after import = 7
========================================================================
Received Import Request.
  Time since last request: 0.000021 seconds.
  path: Assets/Final Assets/airShaftLong.prefab
  artifactKey: Guid(2dabb2bfc8968924d9e61c878a116a52) Importer(815301076,1909f56bfc062723c751e8b465ee728b)
Start importing Assets/Final Assets/airShaftLong.prefab using Guid(2dabb2bfc8968924d9e61c878a116a52) Importer(815301076,1909f56bfc062723c751e8b465ee728b)  -> (artifact id: '7dd1080f35e831a353a5f2771b5f509c') in 0.002275 seconds
Number of updated asset objects reloaded before import = 0
Number of asset objects unloaded after import = 7
========================================================================
Received Import Request.
  Time since last request: 0.000019 seconds.
  path: Assets/Final Assets/dumpster.prefab
  artifactKey: Guid(54f1a105fa4351542b1627677c610c38) Importer(815301076,1909f56bfc062723c751e8b465ee728b)
Start importing Assets/Final Assets/dumpster.prefab using Guid(54f1a105fa4351542b1627677c610c38) Importer(815301076,1909f56bfc062723c751e8b465ee728b)  -> (artifact id: 'e7ad16530cd437dd48d7d1c356619328') in 0.760146 seconds
Number of updated asset objects reloaded before import = 0
Number of asset objects unloaded after import = 17
Editor requested this worker to shutdown with reason: Scaling down because of idle timeout
TcpMessagingSession - receive error: operation aborted. errorcode: 995, details: The I/O operation has been aborted because of either a thread exit or an application request.
AssetImportWorker is now disconnected from the server
Process exiting
Exiting without the bug reporter. Application will terminate with return code 0